Cadence Design Systems, Inc. netrev 16.2 Tue Nov 03 10:08:21 2009
(C) Copyright 2002 Cadence Design Systems, Inc.

------ Directives ------

RIPUP_ETCH FALSE;
RIPUP_SYMBOLS ALWAYS;
Missing symbol has error FALSE;
SCHEMATIC_DIRECTORY 'Z:\UNICORN\ORCAD\GEAR\CONTROLLER\allegro';
BOARD_DIRECTORY '';
OLD_BOARD_NAME 'Z:/Unicorn/orcad/gear/controller/controller_pcb.brd';
NEW_BOARD_NAME 'controller.brd';

CmdLine: netrev.exe -5 -y 1 -i Z:\UNICORN\ORCAD\GEAR\CONTROLLER\allegro Z:\Unicorn\orcad\gear\controller\controller_pcb.brd Z:\UNICORN\ORCAD\GEAR\CONTROLLER\allegro\controller.brd

------ Preparing to read pst files ------

Starting to read Z:/UNICORN/ORCAD/GEAR/CONTROLLER/allegro/pstchip.dat 
   Finished reading Z:/UNICORN/ORCAD/GEAR/CONTROLLER/allegro/pstchip.dat (00:00:00.25)
Starting to read Z:/UNICORN/ORCAD/GEAR/CONTROLLER/allegro/pstxprt.dat 
   Finished reading Z:/UNICORN/ORCAD/GEAR/CONTROLLER/allegro/pstxprt.dat (00:00:00.01)
Starting to read Z:/UNICORN/ORCAD/GEAR/CONTROLLER/allegro/pstxnet.dat 
   Finished reading Z:/UNICORN/ORCAD/GEAR/CONTROLLER/allegro/pstxnet.dat (00:00:00.02)

------ Oversights/Warnings/Errors ------


------ Library Paths ------
MODULEPATH =  . 
           Z:/programmer/orcad162/share/local/pcb/modules 

PSMPATH =  . 
           symbols 
           .. 
           ../symbols 
           Z:/programmer/orcad162/share/local/pcb/symbols 
           Z:/programmer/orcad162/share/pcb/pcb_lib/symbols 
           Z:/programmer/orcad162/share/pcb/allegrolib/symbols 

PADPATH =  . 
           symbols 
           .. 
           ../symbols 
           Z:/programmer/orcad162/share/local/pcb/padstacks 
           Z:/programmer/orcad162/share/pcb/pcb_lib/symbols 
           Z:/programmer/orcad162/share/pcb/allegrolib/symbols 


------ Summary Statistics ------


netrev run on Nov 3 10:08:21 2009
   DESIGN NAME : 'CONTROLLER'
   PACKAGING ON Sep 28 2008 21:55:15

   COMPILE 'logic'
   CHECK_PIN_NAMES OFF
   CROSS_REFERENCE OFF
   FEEDBACK OFF
   INCREMENTAL OFF
   INTERFACE_TYPE PHYSICAL
   MAX_ERRORS 500
   MERGE_MINIMUM 5
   NET_NAME_CHARS '#%&()*+-./:=>?@[]^_`|'
   NET_NAME_LENGTH 24
   OVERSIGHTS ON
   REPLACE_CHECK OFF
   SINGLE_NODE_NETS ON
   SPLIT_MINIMUM 0
   SUPPRESS   20
   WARNINGS ON

 No error detected
 No oversight detected
 No warning detected

cpu time      0:04:34
elapsed time  0:00:01

